9.1_Shared_preferences/HelloSharedPrefsCC/app/build/intermediates/manifest_merge_blame_file/debug/manifest-merger-blame-debug-report.txt
1<?xml version="1.0" encoding="utf-8"?>
2<manifest xmlns:android="http://schemas.android.com/apk/res/android"
3    package="com.shady.hellosharedprefscc"
4    android:versionCode="1"
5    android:versionName="1.0" >
6
7    <uses-sdk
8        android:minSdkVersion="21"
8-->src\main\AndroidManifest.xml
9        android:targetSdkVersion="28" />
9-->src\main\AndroidManifest.xml
10
11    <application
11-->src\main\AndroidManifest.xml:6:5-26:19
12        android:allowBackup="true"
12-->src\main\AndroidManifest.xml:7:9-35
13        android:appComponentFactory="android.support.v4.app.CoreComponentFactory"
13-->[com.android.support:support-compat:28.0.0] AndroidManifest.xml:22:18-91
14        android:debuggable="true"
15        android:icon="@mipmap/ic_launcher"
15-->src\main\AndroidManifest.xml:8:9-43
16        android:label="@string/app_name"
16-->src\main\AndroidManifest.xml:9:9-41
17        android:roundIcon="@mipmap/ic_launcher_round"
17-->src\main\AndroidManifest.xml:10:9-54
18        android:supportsRtl="true"
18-->src\main\AndroidManifest.xml:11:9-35
19        android:testOnly="true"
20        android:theme="@style/AppTheme" >
20-->src\main\AndroidManifest.xml:12:9-40
21        <activity
21-->src\main\AndroidManifest.xml:14:9-19:20
22            android:name="com.shady.hellosharedprefscc.SettingsActivity"
22-->src\main\AndroidManifest.xml:14:19-79
23            android:parentActivityName="com.shady.hellosharedprefscc.MainActivity" >
23-->src\main\AndroidManifest.xml:15:13-83
24            <meta-data
24-->src\main\AndroidManifest.xml:16:13-18:76
25                android:name="android.support.PARENT_ACTIVITY"
25-->src\main\AndroidManifest.xml:17:17-63
26                android:value="com.shady.hellosharedprefscc.MainActivity" />
26-->src\main\AndroidManifest.xml:18:17-74
27        </activity>
28        <activity android:name="com.shady.hellosharedprefscc.MainActivity" >
28-->src\main\AndroidManifest.xml:20:9-25:20
28-->src\main\AndroidManifest.xml:20:19-75
29            <intent-filter>
29-->src\main\AndroidManifest.xml:21:13-24:29
30                <action android:name="android.intent.action.MAIN" />
30-->src\main\AndroidManifest.xml:22:17-69
30-->src\main\AndroidManifest.xml:22:25-66
31
32                <category android:name="android.intent.category.LAUNCHER" />
32-->src\main\AndroidManifest.xml:23:17-77
32-->src\main\AndroidManifest.xml:23:27-74
33            </intent-filter>
34        </activity>
35    </application>
36
37</manifest>